c:\users\pc\source\repos\fagnes\fagnes\x64\debug\vc143.pdb
c:\users\pc\source\repos\fagnes\fagnes\x64\debug\vc143.idb
c:\users\pc\source\repos\fagnes\fagnes\x64\debug\memoria.obj
c:\users\pc\source\repos\fagnes\fagnes\x64\debug\main.obj
c:\users\pc\source\repos\fagnes\fagnes\x64\debug\display.obj
c:\users\pc\source\repos\fagnes\fagnes\x64\debug\cpu.obj
c:\users\pc\source\repos\fagnes\fagnes\x64\debug\glad.obj
c:\users\pc\source\repos\fagnes\x64\debug\fagnes.pdb
c:\users\pc\source\repos\fagnes\fagnes\x64\debug\fagnes.tlog\cl.command.1.tlog
c:\users\pc\source\repos\fagnes\fagnes\x64\debug\fagnes.tlog\cl.read.1.tlog
c:\users\pc\source\repos\fagnes\fagnes\x64\debug\fagnes.tlog\cl.write.1.tlog
c:\users\pc\source\repos\fagnes\fagnes\x64\debug\fagnes.tlog\link-cvtres.read.1.tlog
c:\users\pc\source\repos\fagnes\fagnes\x64\debug\fagnes.tlog\link-cvtres.write.1.tlog
c:\users\pc\source\repos\fagnes\fagnes\x64\debug\fagnes.tlog\link-rc.read.1.tlog
c:\users\pc\source\repos\fagnes\fagnes\x64\debug\fagnes.tlog\link-rc.write.1.tlog
c:\users\pc\source\repos\fagnes\fagnes\x64\debug\fagnes.tlog\link.command.1.tlog
c:\users\pc\source\repos\fagnes\fagnes\x64\debug\fagnes.tlog\link.read.1.tlog
c:\users\pc\source\repos\fagnes\fagnes\x64\debug\fagnes.tlog\link.read.2.tlog
c:\users\pc\source\repos\fagnes\fagnes\x64\debug\fagnes.tlog\link.read.3.tlog
c:\users\pc\source\repos\fagnes\fagnes\x64\debug\fagnes.tlog\link.read.4.tlog
c:\users\pc\source\repos\fagnes\fagnes\x64\debug\fagnes.tlog\link.read.5.tlog
c:\users\pc\source\repos\fagnes\fagnes\x64\debug\fagnes.tlog\link.write.1.tlog
