<<<<<<< HEAD
﻿  CPU.cpp
C:\Users\PC\source\repos\FAGNES\FAGNES\CPU.cpp(129,11): warning C4244: 'argument': conversion from 'DWord' to 'Byte', possible loss of data
C:\Users\PC\source\repos\FAGNES\FAGNES\CPU.cpp(130,11): warning C4244: 'argument': conversion from 'DWord' to 'Byte', possible loss of data
C:\Users\PC\source\repos\FAGNES\FAGNES\CPU.cpp(495,7): warning C4244: '=': conversion from 'DWord' to 'Byte', possible loss of data
  SDL.cpp
C:\Users\PC\source\repos\FAGNES\FAGNES\CPU.cpp(129,11): warning C4244: 'argument': conversion from 'DWord' to 'Byte', possible loss of data
  (compiling source file 'SDL.cpp')
  
C:\Users\PC\source\repos\FAGNES\FAGNES\CPU.cpp(130,11): warning C4244: 'argument': conversion from 'DWord' to 'Byte', possible loss of data
  (compiling source file 'SDL.cpp')
  
C:\Users\PC\source\repos\FAGNES\FAGNES\CPU.cpp(495,7): warning C4244: '=': conversion from 'DWord' to 'Byte', possible loss of data
  (compiling source file 'SDL.cpp')
  
C:\Users\PC\source\repos\FAGNES\FAGNES\SDL.cpp(105,14): warning C4244: 'initializing': conversion from 'std::streamoff' to 'int', possible loss of data
C:\Users\PC\source\repos\FAGNES\FAGNES\SDL.cpp(151,22): warning C4244: 'argument': conversion from 'time_t' to 'unsigned int', possible loss of data
  Generating Code...
  FAGNES.vcxproj -> C:\Users\PC\source\repos\FAGNES\x64\Debug\FAGNES.exe
=======
﻿  SDL_Backend.cpp
C:\Users\chomp\source\repos\FGNES-Emu\FAGNES\CPU.cpp(128,11): warning C4244: 'argument': conversion from 'DWord' to 'Byte', possible loss of data
  (compiling source file 'SDL_Backend.cpp')
  
C:\Users\chomp\source\repos\FGNES-Emu\FAGNES\CPU.cpp(129,11): warning C4244: 'argument': conversion from 'DWord' to 'Byte', possible loss of data
  (compiling source file 'SDL_Backend.cpp')
  
C:\Users\chomp\source\repos\FGNES-Emu\FAGNES\CPU.cpp(494,7): warning C4244: '=': conversion from 'DWord' to 'Byte', possible loss of data
  (compiling source file 'SDL_Backend.cpp')
  
C:\Users\chomp\source\repos\FGNES-Emu\FAGNES\SDL_Backend.cpp(102,14): warning C4244: 'initializing': conversion from 'std::streamoff' to 'int', possible loss of data
C:\Users\chomp\source\repos\FGNES-Emu\FAGNES\SDL_Backend.cpp(141,22): warning C4244: 'argument': conversion from 'time_t' to 'unsigned int', possible loss of data
  FAGNES.vcxproj -> C:\Users\chomp\source\repos\FGNES-Emu\x64\Debug\FAGNES.exe
>>>>>>> deceaced709ce6d32e13797e5036104c064ba7f2
